2018/05/11 00:43:50 check to make sure it works
2018/05/11 00:44:17 receive query /
2018/05/11 00:44:17 receive query /favicon.ico
2018/05/11 00:44:20 receive query /
2018/05/11 00:44:20 receive query /favicon.ico
2018/05/11 00:44:20 receive query /
2018/05/11 00:44:20 receive query /favicon.ico
2018/05/11 00:44:20 receive query /
2018/05/11 00:44:20 receive query /favicon.ico
2018/05/11 00:44:20 receive query /
2018/05/11 00:44:20 receive query /favicon.ico
2018/05/11 00:44:20 receive query /
2018/05/11 00:44:20 receive query /favicon.ico
2018/05/11 00:44:21 receive query /
2018/05/11 00:44:21 receive query /favicon.ico
2018/05/11 00:44:21 receive query /
2018/05/11 00:44:21 receive query /favicon.ico
2018/05/11 00:44:26 Stopping program
2018/05/11 08:45:57 check to make sure it works
2018/05/11 08:47:08 check to make sure it works
2018/05/11 08:50:58 check to make sure it works
2018/05/11 08:51:22 check to make sure it works
2018/05/11 08:58:19 check to make sure it works
2018/05/11 09:00:23 check to make sure it works
2018/05/11 09:00:30 Stopping program
2018/05/11 09:05:31 check to make sure it works
2018/05/11 09:05:38 Stopping program
2018/05/11 09:10:15 check to make sure it works
2018/05/11 09:10:23 Stopping program
2018/05/11 09:16:11 check to make sure it works
2018/05/11 09:16:14 Stopping program
2018/05/11 09:18:42 check to make sure it works
2018/05/11 09:18:42 ListenAndServe: listen tcp :80: bind: permission denied
2018/05/11 09:19:21 check to make sure it works
2018/05/11 09:19:21 ListenAndServe: listen tcp :80: bind: permission denied
2018/05/11 09:19:43 check to make sure it works
2018/05/11 09:19:47 receive query /
2018/05/11 09:19:47 receive query /favicon.ico
2018/05/11 09:19:48 receive query /
2018/05/11 09:19:48 receive query /favicon.ico
2018/05/11 09:19:48 receive query /
2018/05/11 09:19:48 receive query /favicon.ico
2018/05/11 09:19:48 receive query /
2018/05/11 09:19:49 receive query /favicon.ico
2018/05/11 09:19:49 receive query /
2018/05/11 09:19:49 receive query /favicon.ico
2018/05/11 09:19:49 receive query /
2018/05/11 09:19:49 receive query /favicon.ico
2018/05/11 09:19:49 receive query /
2018/05/11 09:19:49 receive query /favicon.ico
2018/05/11 09:19:49 receive query /
2018/05/11 09:19:49 receive query /favicon.ico
2018/05/11 09:19:49 receive query /
2018/05/11 09:19:49 receive query /favicon.ico
2018/05/11 09:19:50 receive query /
2018/05/11 09:19:50 receive query /favicon.ico
2018/05/11 09:19:50 receive query /
2018/05/11 09:19:50 receive query /favicon.ico
2018/05/11 09:19:50 receive query /
2018/05/11 09:19:50 receive query /favicon.ico
2018/05/11 09:19:50 receive query /
2018/05/11 09:19:50 receive query /favicon.ico
2018/05/11 09:20:03 Stopping program
2018/05/11 09:21:18 check to make sure it works
2018/05/11 09:21:21 Stopping program
